# JRE version: OpenJDK Runtime Environment Corretto-17.0.14.7.1 (17.0.14+7) (build 17.0.14+7-LTS)
# Java VM: OpenJDK 64-Bit Server VM Corretto-17.0.14.7.1 (17.0.14+7-LTS, mixed mode, sharing, tiered, compressed oops, compressed class ptrs, g1 gc, windows-amd64)
GC Precious Log:
 CPUs: 22 total, 22 available
 Memory: 15805M
 Large Page Support: Disabled
 NUMA Support: Disabled
 Compressed Oops: Enabled (32-bit)
 Heap Region Size: 1M
 Heap Min Capacity: 8M
 Heap Initial Capacity: 248M
 Heap Max Capacity: 2G
 Pre-touch: Disabled
 Parallel Workers: 16
 Concurrent Workers: 4
 Concurrent Refinement Workers: 16
 Periodic GC: Disabled
Heap:
 garbage-first heap   total 86016K, used 37413K [0x0000000080000000, 0x0000000100000000)
  region size 1024K, 17 young (17408K), 1 survivors (1024K)
 Metaspace       used 22891K, committed 23232K, reserved 491520K
  class space    used 3385K, committed 3520K, reserved 425984K
GC Heap History (8 events):
Event: 1.077 GC heap before
{Heap before GC invocations=0 (full 0):
 garbage-first heap   total 253952K, used 26624K [0x0000000080000000, 0x0000000100000000)
  region size 1024K, 23 young (23552K), 0 survivors (0K)
 Metaspace       used 2899K, committed 3072K, reserved 491520K
  class space    used 364K, committed 448K, reserved 425984K
}
Event: 1.082 GC heap after
{Heap after GC invocations=1 (full 0):
 garbage-first heap   total 253952K, used 10445K [0x0000000080000000, 0x0000000100000000)
  region size 1024K, 3 young (3072K), 3 survivors (3072K)
 Metaspace       used 2899K, committed 3072K, reserved 491520K
  class space    used 364K, committed 448K, reserved 425984K
}
Event: 1.922 GC heap before
{Heap before GC invocations=1 (full 0):
 garbage-first heap   total 253952K, used 38093K [0x0000000080000000, 0x0000000100000000)
  region size 1024K, 30 young (30720K), 3 survivors (3072K)
 Metaspace       used 4056K, committed 4224K, reserved 491520K
  class space    used 491K, committed 576K, reserved 425984K
}
Event: 1.928 GC heap after
{Heap after GC invocations=2 (full 0):
 garbage-first heap   total 253952K, used 11612K [0x0000000080000000, 0x0000000100000000)
  region size 1024K, 1 young (1024K), 1 survivors (1024K)
 Metaspace       used 4056K, committed 4224K, reserved 491520K
  class space    used 491K, committed 576K, reserved 425984K
}
Event: 4.802 GC heap before
{Heap before GC invocations=2 (full 0):
 garbage-first heap   total 253952K, used 115036K [0x0000000080000000, 0x0000000100000000)
  region size 1024K, 101 young (103424K), 1 survivors (1024K)
 Metaspace       used 19064K, committed 19392K, reserved 491520K
  class space    used 2792K, committed 2944K, reserved 425984K
}
Event: 4.814 GC heap after
{Heap after GC invocations=3 (full 0):
 garbage-first heap   total 253952K, used 21919K [0x0000000080000000, 0x0000000100000000)
  region size 1024K, 11 young (11264K), 11 survivors (11264K)
 Metaspace       used 19064K, committed 19392K, reserved 491520K
  class space    used 2792K, committed 2944K, reserved 425984K
}
Event: 5.145 GC heap before
{Heap before GC invocations=3 (full 0):
 garbage-first heap   total 253952K, used 41375K [0x0000000080000000, 0x0000000100000000)
  region size 1024K, 31 young (31744K), 11 survivors (11264K)
 Metaspace       used 21214K, committed 21504K, reserved 491520K
  class space    used 3119K, committed 3264K, reserved 425984K
}
Event: 5.152 GC heap after
{Heap after GC invocations=4 (full 0):
 garbage-first heap   total 253952K, used 23077K [0x0000000080000000, 0x0000000100000000)
  region size 1024K, 1 young (1024K), 1 survivors (1024K)
 Metaspace       used 21214K, committed 21504K, reserved 491520K
  class space    used 3119K, committed 3264K, reserved 425984K
}

