# JRE version: OpenJDK Runtime Environment Corretto-17.0.14.7.1 (17.0.14+7) (build 17.0.14+7-LTS)
# Java VM: OpenJDK 64-Bit Server VM Corretto-17.0.14.7.1 (17.0.14+7-LTS, mixed mode, sharing, tiered, compressed oops, compressed class ptrs, g1 gc, windows-amd64)
GC Precious Log:
 CPUs: 22 total, 22 available
 Memory: 15805M
 Large Page Support: Disabled
 NUMA Support: Disabled
 Compressed Oops: Enabled (32-bit)
 Heap Region Size: 1M
 Heap Min Capacity: 8M
 Heap Initial Capacity: 248M
 Heap Max Capacity: 2G
 Pre-touch: Disabled
 Parallel Workers: 16
 Concurrent Workers: 4
 Concurrent Refinement Workers: 16
 Periodic GC: Disabled
Heap:
 garbage-first heap   total 160768K, used 106655K [0x0000000080000000, 0x0000000100000000)
  region size 1024K, 26 young (26624K), 4 survivors (4096K)
 Metaspace       used 78129K, committed 78848K, reserved 557056K
  class space    used 10775K, committed 11136K, reserved 425984K
GC Heap History (20 events):
Event: 18.167 GC heap before
{Heap before GC invocations=37 (full 0):
 garbage-first heap   total 119808K, used 68251K [0x0000000080000000, 0x0000000100000000)
  region size 1024K, 3 young (3072K), 2 survivors (2048K)
 Metaspace       used 64835K, committed 65536K, reserved 491520K
  class space    used 9159K, committed 9472K, reserved 425984K
}
Event: 18.170 GC heap after
{Heap after GC invocations=38 (full 0):
 garbage-first heap   total 119808K, used 68553K [0x0000000080000000, 0x0000000100000000)
  region size 1024K, 2 young (2048K), 2 survivors (2048K)
 Metaspace       used 64835K, committed 65536K, reserved 491520K
  class space    used 9159K, committed 9472K, reserved 425984K
}
Event: 18.663 GC heap before
{Heap before GC invocations=39 (full 0):
 garbage-first heap   total 121856K, used 89033K [0x0000000080000000, 0x0000000100000000)
  region size 1024K, 22 young (22528K), 2 survivors (2048K)
 Metaspace       used 66169K, committed 66880K, reserved 491520K
  class space    used 9330K, committed 9664K, reserved 425984K
}
Event: 18.669 GC heap after
{Heap after GC invocations=40 (full 0):
 garbage-first heap   total 121856K, used 73209K [0x0000000080000000, 0x0000000100000000)
  region size 1024K, 3 young (3072K), 3 survivors (3072K)
 Metaspace       used 66169K, committed 66880K, reserved 491520K
  class space    used 9330K, committed 9664K, reserved 425984K
}
Event: 19.016 GC heap before
{Heap before GC invocations=40 (full 0):
 garbage-first heap   total 121856K, used 91641K [0x0000000080000000, 0x0000000100000000)
  region size 1024K, 22 young (22528K), 3 survivors (3072K)
 Metaspace       used 68046K, committed 68800K, reserved 491520K
  class space    used 9527K, committed 9856K, reserved 425984K
}
Event: 19.019 GC heap after
{Heap after GC invocations=41 (full 0):
 garbage-first heap   total 160768K, used 73534K [0x0000000080000000, 0x0000000100000000)
  region size 1024K, 1 young (1024K), 1 survivors (1024K)
 Metaspace       used 68046K, committed 68800K, reserved 491520K
  class space    used 9527K, committed 9856K, reserved 425984K
}
Event: 19.336 GC heap before
{Heap before GC invocations=42 (full 0):
 garbage-first heap   total 160768K, used 86846K [0x0000000080000000, 0x0000000100000000)
  region size 1024K, 15 young (15360K), 1 survivors (1024K)
 Metaspace       used 69132K, committed 69888K, reserved 491520K
  class space    used 9634K, committed 9984K, reserved 425984K
}
Event: 19.340 GC heap after
{Heap after GC invocations=43 (full 0):
 garbage-first heap   total 160768K, used 75720K [0x0000000080000000, 0x0000000100000000)
  region size 1024K, 3 young (3072K), 3 survivors (3072K)
 Metaspace       used 69132K, committed 69888K, reserved 491520K
  class space    used 9634K, committed 9984K, reserved 425984K
}
Event: 20.124 GC heap before
{Heap before GC invocations=44 (full 0):
 garbage-first heap   total 160768K, used 99272K [0x0000000080000000, 0x0000000100000000)
  region size 1024K, 26 young (26624K), 3 survivors (3072K)
 Metaspace       used 71780K, committed 72576K, reserved 491520K
  class space    used 9935K, committed 10304K, reserved 425984K
}
Event: 20.127 GC heap after
{Heap after GC invocations=45 (full 0):
 garbage-first heap   total 160768K, used 77992K [0x0000000080000000, 0x0000000100000000)
  region size 1024K, 5 young (5120K), 5 survivors (5120K)
 Metaspace       used 71780K, committed 72576K, reserved 491520K
  class space    used 9935K, committed 10304K, reserved 425984K
}
Event: 20.173 GC heap before
{Heap before GC invocations=46 (full 0):
 garbage-first heap   total 160768K, used 82088K [0x0000000080000000, 0x0000000100000000)
  region size 1024K, 9 young (9216K), 5 survivors (5120K)
 Metaspace       used 71780K, committed 72576K, reserved 491520K
  class space    used 9935K, committed 10304K, reserved 425984K
}
Event: 20.176 GC heap after
{Heap after GC invocations=47 (full 0):
 garbage-first heap   total 160768K, used 80700K [0x0000000080000000, 0x0000000100000000)
  region size 1024K, 5 young (5120K), 5 survivors (5120K)
 Metaspace       used 71780K, committed 72576K, reserved 491520K
  class space    used 9935K, committed 10304K, reserved 425984K
}
Event: 20.229 GC heap before
{Heap before GC invocations=48 (full 0):
 garbage-first heap   total 160768K, used 88892K [0x0000000080000000, 0x0000000100000000)
  region size 1024K, 11 young (11264K), 5 survivors (5120K)
 Metaspace       used 71787K, committed 72576K, reserved 491520K
  class space    used 9936K, committed 10304K, reserved 425984K
}
Event: 20.232 GC heap after
{Heap after GC invocations=49 (full 0):
 garbage-first heap   total 160768K, used 83939K [0x0000000080000000, 0x0000000100000000)
  region size 1024K, 4 young (4096K), 4 survivors (4096K)
 Metaspace       used 71787K, committed 72576K, reserved 491520K
  class space    used 9936K, committed 10304K, reserved 425984K
}
Event: 20.775 GC heap before
{Heap before GC invocations=50 (full 0):
 garbage-first heap   total 160768K, used 112611K [0x0000000080000000, 0x0000000100000000)
  region size 1024K, 31 young (31744K), 4 survivors (4096K)
 Metaspace       used 73661K, committed 74432K, reserved 491520K
  class space    used 10192K, committed 10560K, reserved 425984K
}
Event: 20.779 GC heap after
{Heap after GC invocations=51 (full 0):
 garbage-first heap   total 160768K, used 81997K [0x0000000080000000, 0x0000000100000000)
  region size 1024K, 3 young (3072K), 3 survivors (3072K)
 Metaspace       used 73661K, committed 74432K, reserved 491520K
  class space    used 10192K, committed 10560K, reserved 425984K
}
Event: 21.279 GC heap before
{Heap before GC invocations=51 (full 0):
 garbage-first heap   total 160768K, used 113741K [0x0000000080000000, 0x0000000100000000)
  region size 1024K, 34 young (34816K), 3 survivors (3072K)
 Metaspace       used 76254K, committed 76992K, reserved 557056K
  class space    used 10524K, committed 10880K, reserved 425984K
}
Event: 21.285 GC heap after
{Heap after GC invocations=52 (full 0):
 garbage-first heap   total 160768K, used 82684K [0x0000000080000000, 0x0000000100000000)
  region size 1024K, 4 young (4096K), 4 survivors (4096K)
 Metaspace       used 76254K, committed 76992K, reserved 557056K
  class space    used 10524K, committed 10880K, reserved 425984K
}
Event: 21.801 GC heap before
{Heap before GC invocations=53 (full 0):
 garbage-first heap   total 160768K, used 116476K [0x0000000080000000, 0x0000000100000000)
  region size 1024K, 37 young (37888K), 4 survivors (4096K)
 Metaspace       used 78036K, committed 78784K, reserved 557056K
  class space    used 10766K, committed 11072K, reserved 425984K
}
Event: 21.806 GC heap after
{Heap after GC invocations=54 (full 0):
 garbage-first heap   total 160768K, used 85151K [0x0000000080000000, 0x0000000100000000)
  region size 1024K, 4 young (4096K), 4 survivors (4096K)
 Metaspace       used 78036K, committed 78784K, reserved 557056K
  class space    used 10766K, committed 11072K, reserved 425984K
}

