# JRE version: OpenJDK Runtime Environment Corretto-17.0.14.7.1 (17.0.14+7) (build 17.0.14+7-LTS)
# Java VM: OpenJDK 64-Bit Server VM Corretto-17.0.14.7.1 (17.0.14+7-LTS, mixed mode, sharing, tiered, compressed oops, compressed class ptrs, g1 gc, windows-amd64)
GC Precious Log:
 CPUs: 22 total, 22 available
 Memory: 15805M
 Large Page Support: Disabled
 NUMA Support: Disabled
 Compressed Oops: Enabled (32-bit)
 Heap Region Size: 1M
 Heap Min Capacity: 8M
 Heap Initial Capacity: 248M
 Heap Max Capacity: 2G
 Pre-touch: Disabled
 Parallel Workers: 16
 Concurrent Workers: 4
 Concurrent Refinement Workers: 16
 Periodic GC: Disabled
Heap:
 garbage-first heap   total 172032K, used 93756K [0x0000000080000000, 0x0000000100000000)
  region size 1024K, 12 young (12288K), 5 survivors (5120K)
 Metaspace       used 78169K, committed 78912K, reserved 557056K
  class space    used 10776K, committed 11136K, reserved 425984K
GC Heap History (20 events):
Event: 26.139 GC heap before
{Heap before GC invocations=32 (full 0):
 garbage-first heap   total 119808K, used 96746K [0x0000000080000000, 0x0000000100000000)
  region size 1024K, 29 young (29696K), 2 survivors (2048K)
 Metaspace       used 66714K, committed 67392K, reserved 491520K
  class space    used 9406K, committed 9728K, reserved 425984K
}
Event: 26.146 GC heap after
{Heap after GC invocations=33 (full 0):
 garbage-first heap   total 119808K, used 74264K [0x0000000080000000, 0x0000000100000000)
  region size 1024K, 4 young (4096K), 4 survivors (4096K)
 Metaspace       used 66714K, committed 67392K, reserved 491520K
  class space    used 9406K, committed 9728K, reserved 425984K
}
Event: 26.172 GC heap before
{Heap before GC invocations=33 (full 0):
 garbage-first heap   total 119808K, used 74264K [0x0000000080000000, 0x0000000100000000)
  region size 1024K, 5 young (5120K), 4 survivors (4096K)
 Metaspace       used 66761K, committed 67456K, reserved 491520K
  class space    used 9412K, committed 9728K, reserved 425984K
}
Event: 26.176 GC heap after
{Heap after GC invocations=34 (full 0):
 garbage-first heap   total 119808K, used 74439K [0x0000000080000000, 0x0000000100000000)
  region size 1024K, 1 young (1024K), 1 survivors (1024K)
 Metaspace       used 66761K, committed 67456K, reserved 491520K
  class space    used 9412K, committed 9728K, reserved 425984K
}
Event: 26.552 GC heap before
{Heap before GC invocations=34 (full 0):
 garbage-first heap   total 119808K, used 96967K [0x0000000080000000, 0x0000000100000000)
  region size 1024K, 24 young (24576K), 1 survivors (1024K)
 Metaspace       used 69057K, committed 69824K, reserved 491520K
  class space    used 9625K, committed 9984K, reserved 425984K
}
Event: 26.556 GC heap after
{Heap after GC invocations=35 (full 0):
 garbage-first heap   total 119808K, used 74903K [0x0000000080000000, 0x0000000100000000)
  region size 1024K, 1 young (1024K), 1 survivors (1024K)
 Metaspace       used 69057K, committed 69824K, reserved 491520K
  class space    used 9625K, committed 9984K, reserved 425984K
}
Event: 26.662 GC heap before
{Heap before GC invocations=36 (full 0):
 garbage-first heap   total 128000K, used 76951K [0x0000000080000000, 0x0000000100000000)
  region size 1024K, 4 young (4096K), 1 survivors (1024K)
 Metaspace       used 69171K, committed 69888K, reserved 491520K
  class space    used 9636K, committed 9984K, reserved 425984K
}
Event: 26.673 GC heap after
{Heap after GC invocations=37 (full 0):
 garbage-first heap   total 128000K, used 76684K [0x0000000080000000, 0x0000000100000000)
  region size 1024K, 3 young (3072K), 3 survivors (3072K)
 Metaspace       used 69171K, committed 69888K, reserved 491520K
  class space    used 9636K, committed 9984K, reserved 425984K
}
Event: 27.385 GC heap before
{Heap before GC invocations=38 (full 0):
 garbage-first heap   total 133120K, used 99212K [0x0000000080000000, 0x0000000100000000)
  region size 1024K, 26 young (26624K), 3 survivors (3072K)
 Metaspace       used 71818K, committed 72576K, reserved 491520K
  class space    used 9937K, committed 10304K, reserved 425984K
}
Event: 27.389 GC heap after
{Heap after GC invocations=39 (full 0):
 garbage-first heap   total 172032K, used 78975K [0x0000000080000000, 0x0000000100000000)
  region size 1024K, 4 young (4096K), 4 survivors (4096K)
 Metaspace       used 71818K, committed 72576K, reserved 491520K
  class space    used 9937K, committed 10304K, reserved 425984K
}
Event: 27.400 GC heap before
{Heap before GC invocations=39 (full 0):
 garbage-first heap   total 172032K, used 84095K [0x0000000080000000, 0x0000000100000000)
  region size 1024K, 8 young (8192K), 4 survivors (4096K)
 Metaspace       used 71818K, committed 72576K, reserved 491520K
  class space    used 9937K, committed 10304K, reserved 425984K
}
Event: 27.403 GC heap after
{Heap after GC invocations=40 (full 0):
 garbage-first heap   total 172032K, used 82137K [0x0000000080000000, 0x0000000100000000)
  region size 1024K, 4 young (4096K), 4 survivors (4096K)
 Metaspace       used 71818K, committed 72576K, reserved 491520K
  class space    used 9937K, committed 10304K, reserved 425984K
}
Event: 27.472 GC heap before
{Heap before GC invocations=41 (full 0):
 garbage-first heap   total 172032K, used 89305K [0x0000000080000000, 0x0000000100000000)
  region size 1024K, 10 young (10240K), 4 survivors (4096K)
 Metaspace       used 71825K, committed 72576K, reserved 491520K
  class space    used 9938K, committed 10304K, reserved 425984K
}
Event: 27.475 GC heap after
{Heap after GC invocations=42 (full 0):
 garbage-first heap   total 172032K, used 84994K [0x0000000080000000, 0x0000000100000000)
  region size 1024K, 4 young (4096K), 4 survivors (4096K)
 Metaspace       used 71825K, committed 72576K, reserved 491520K
  class space    used 9938K, committed 10304K, reserved 425984K
}
Event: 28.092 GC heap before
{Heap before GC invocations=43 (full 0):
 garbage-first heap   total 172032K, used 119810K [0x0000000080000000, 0x0000000100000000)
  region size 1024K, 36 young (36864K), 4 survivors (4096K)
 Metaspace       used 74130K, committed 74816K, reserved 491520K
  class space    used 10244K, committed 10560K, reserved 425984K
}
Event: 28.098 GC heap after
{Heap after GC invocations=44 (full 0):
 garbage-first heap   total 172032K, used 82962K [0x0000000080000000, 0x0000000100000000)
  region size 1024K, 3 young (3072K), 3 survivors (3072K)
 Metaspace       used 74130K, committed 74816K, reserved 491520K
  class space    used 10244K, committed 10560K, reserved 425984K
}
Event: 28.788 GC heap before
{Heap before GC invocations=44 (full 0):
 garbage-first heap   total 172032K, used 119826K [0x0000000080000000, 0x0000000100000000)
  region size 1024K, 39 young (39936K), 3 survivors (3072K)
 Metaspace       used 77095K, committed 77760K, reserved 557056K
  class space    used 10629K, committed 10944K, reserved 425984K
}
Event: 28.796 GC heap after
{Heap after GC invocations=45 (full 0):
 garbage-first heap   total 172032K, used 84556K [0x0000000080000000, 0x0000000100000000)
  region size 1024K, 5 young (5120K), 5 survivors (5120K)
 Metaspace       used 77095K, committed 77760K, reserved 557056K
  class space    used 10629K, committed 10944K, reserved 425984K
}
Event: 29.642 GC heap before
{Heap before GC invocations=46 (full 0):
 garbage-first heap   total 172032K, used 123468K [0x0000000080000000, 0x0000000100000000)
  region size 1024K, 43 young (44032K), 5 survivors (5120K)
 Metaspace       used 78136K, committed 78848K, reserved 557056K
  class space    used 10772K, committed 11072K, reserved 425984K
}
Event: 29.647 GC heap after
{Heap after GC invocations=47 (full 0):
 garbage-first heap   total 172032K, used 87612K [0x0000000080000000, 0x0000000100000000)
  region size 1024K, 5 young (5120K), 5 survivors (5120K)
 Metaspace       used 78136K, committed 78848K, reserved 557056K
  class space    used 10772K, committed 11072K, reserved 425984K
}

